\BOOKMARK [0][-]{bookmarkcover1.0}{\376\377\213\272\145\207\134\001\227\142}{}% 1
\BOOKMARK [0][-]{bookmarkzhtitlepage2.0}{\376\377\116\055\145\207\142\111\230\165}{}% 2
\BOOKMARK [0][-]{bookmarkentitlepage3.0}{\376\377\202\361\145\207\142\111\230\165}{}% 3
\BOOKMARK [0][-]{bookmarkdeclaration4.0}{\376\377\162\354\122\033\140\047\130\360\146\016}{}% 4
\BOOKMARK [0][-]{bookmarkzhabstractI.0}{\376\377\144\130\000\040\211\201}{}% 5
\BOOKMARK [0][-]{bookmarkabstractII.0}{\376\377\000A\000B\000S\000T\000R\000A\000C\000T}{}% 6
\BOOKMARK [0][-]{bookmarktocIV.0}{\376\377\166\356\000\040\137\125}{}% 7
\BOOKMARK [0][-]{bookmarknomenclatureVII.0}{\376\377\177\051\165\145\213\315\210\150}{}% 8
\BOOKMARK [0][-]{chapter.1}{\376\377\173\054\116\000\172\340\000\040\176\352\213\272}{}% 9
\BOOKMARK [1][-]{section.1.1}{\376\377\0001\000.\0001\000\040\170\024\172\166\200\314\146\157\116\016\141\017\116\111}{chapter.1}% 10
\BOOKMARK [1][-]{section.1.2}{\376\377\0001\000.\0002\000\040\126\375\121\205\131\026\170\024\172\166\163\260\162\266}{chapter.1}% 11
\BOOKMARK [2][-]{subsection.1.2.1}{\376\377\0001\000.\0002\000.\0001\000\040\127\372\116\216\217\223\121\145\121\205\133\271\166\204\145\073\121\373\150\300\155\113}{section.1.2}% 12
\BOOKMARK [2][-]{subsection.1.2.2}{\376\377\0001\000.\0002\000.\0002\000\040\127\372\116\216\174\373\176\337\210\114\116\072\116\016\137\256\211\302\147\266\147\204\166\204\145\073\121\373\150\300\155\113}{section.1.2}% 13
\BOOKMARK [2][-]{subsection.1.2.3}{\376\377\0001\000.\0002\000.\0003\000\040\127\372\116\216\147\072\126\150\133\146\116\140\116\016\122\006\136\003\131\026\150\300\155\113\377\010\000O\000O\000D\377\011\166\204\226\062\137\241\145\271\154\325}{section.1.2}% 14
\BOOKMARK [1][-]{section.1.3}{\376\377\0001\000.\0003\000\040\213\272\145\207\116\073\211\201\135\345\117\134\123\312\122\033\145\260}{chapter.1}% 15
\BOOKMARK [1][-]{section.1.4}{\376\377\0001\000.\0004\000\040\213\272\145\207\176\323\147\204\133\211\143\222}{chapter.1}% 16
\BOOKMARK [0][-]{chapter.2}{\376\377\173\054\116\214\172\340\000\040\166\370\121\163\142\200\147\057\127\372\170\100\124\214\145\271\154\325}{}% 17
\BOOKMARK [1][-]{section.2.1}{\376\377\0002\000.\0001\000\040\131\047\213\355\212\000\152\041\127\213\143\250\164\006\147\072\122\066\116\016\173\227\122\233\164\366\230\210}{chapter.2}% 18
\BOOKMARK [2][-]{subsection.2.1.1}{\376\377\0002\000.\0001\000.\0001\000\040\000T\000r\000a\000n\000s\000f\000o\000r\000m\000e\000r\000\040\147\266\147\204\116\016\201\352\126\336\137\122\211\343\170\001}{section.2.1}% 19
\BOOKMARK [2][-]{subsection.2.1.2}{\376\377\0002\000.\0001\000.\0002\000\040\000K\000V\000\040\000C\000a\000c\000h\000e\000\040\122\240\220\037\123\237\164\006\116\016\121\205\133\130\146\040\134\004}{section.2.1}% 20
\BOOKMARK [2][-]{subsection.2.1.3}{\376\377\0002\000.\0001\000.\0003\000\040\123\314\226\066\153\265\143\250\164\006\166\204\173\227\122\233\164\366\230\210\122\006\147\220\377\032\000P\000r\000e\000f\000i\000l\000l\000\040\116\016\000\040\000D\000e\000c\000o\000d\000e}{section.2.1}% 21
\BOOKMARK [1][-]{section.2.2}{\376\377\0002\000.\0002\000\040\232\330\140\047\200\375\143\250\164\006\174\373\176\337\166\204\121\205\133\130\214\003\136\246\147\072\122\066}{chapter.2}% 22
\BOOKMARK [2][-]{subsection.2.2.1}{\376\377\0002\000.\0002\000.\0001\000\040\117\040\176\337\121\205\133\130\173\241\164\006\166\204\170\216\162\107\123\026\126\360\130\203}{section.2.2}% 23
\BOOKMARK [2][-]{subsection.2.2.2}{\376\377\0002\000.\0002\000.\0002\000\040\000P\000a\000g\000e\000d\000A\000t\000t\000e\000n\000t\000i\000o\000n\000\040\123\237\164\006\116\016\127\127\210\150\146\040\134\004}{section.2.2}% 24
\BOOKMARK [2][-]{subsection.2.2.3}{\376\377\0002\000.\0002\000.\0003\000\040\000P\000r\000e\000f\000i\000x\000\040\000C\000a\000c\000h\000i\000n\000g\000\040\116\016\122\115\177\000\131\015\165\050\157\017\155\036}{section.2.2}% 25
\BOOKMARK [1][-]{section.2.3}{\376\377\0002\000.\0003\000\040\224\210\133\371\131\047\152\041\127\213\143\250\164\006\147\015\122\241\166\204\145\260\127\213\133\211\121\150\132\001\200\301\152\041\127\213}{chapter.2}% 26
\BOOKMARK [2][-]{subsection.2.3.1}{\376\377\0002\000.\0003\000.\0001\000\040\145\073\121\373\200\005\200\375\122\233\116\016\120\107\213\276}{section.2.3}% 27
\BOOKMARK [2][-]{subsection.2.3.2}{\376\377\0002\000.\0003\000.\0002\000\040\142\322\176\335\147\015\122\241\377\010\000D\000D\000o\000S\377\011\145\073\121\373\227\142\377\032\173\227\122\233\130\231\123\213\151\250}{section.2.3}% 28
\BOOKMARK [2][-]{subsection.2.3.3}{\376\377\0002\000.\0003\000.\0003\000\040\177\023\133\130\117\247\117\341\220\123\377\010\000S\000i\000d\000e\000-\000C\000h\000a\000n\000n\000e\000l\377\011\145\073\121\373\227\142\377\032\121\205\133\130\130\231\172\177\220\017}{section.2.3}% 29
\BOOKMARK [1][-]{section.2.4}{\376\377\0002\000.\0004\000\040\137\002\136\070\150\300\155\113\116\016\147\072\126\150\133\146\116\140\122\006\174\173\164\006\213\272}{chapter.2}% 30
\BOOKMARK [2][-]{subsection.2.4.1}{\376\377\0002\000.\0004\000.\0001\000\040\145\366\225\364\136\217\122\027\176\337\213\241\162\171\137\201\116\016\123\314\134\360\122\044\133\232}{section.2.4}% 31
\BOOKMARK [2][-]{subsection.2.4.2}{\376\377\0002\000.\0004\000.\0002\000\040\133\144\172\313\150\356\147\227\377\010\000I\000s\000o\000l\000a\000t\000i\000o\000n\000\040\000F\000o\000r\000e\000s\000t\377\011\116\016\000\040\000O\000O\000D\000\040\150\300\155\113}{section.2.4}% 32
\BOOKMARK [2][-]{subsection.2.4.3}{\376\377\0002\000.\0004\000.\0003\000\040\127\372\116\216\000\040\000L\000i\000g\000h\000t\000G\000B\000M\000\040\166\204\131\032\176\364\162\171\137\201\122\006\174\173\173\227\154\325}{section.2.4}% 33
\BOOKMARK [2][-]{subsection.2.4.4}{\376\377\0002\000.\0004\000.\0004\000\040\147\072\126\150\133\146\116\140\122\006\174\173\213\304\116\367\143\007\150\007\116\016\215\205\123\302\145\160\117\030\123\026\164\006\213\272}{section.2.4}% 34
\BOOKMARK [1][-]{section.2.5}{\376\377\0002\000.\0005\000\040\147\054\172\340\134\017\176\323}{chapter.2}% 35
\BOOKMARK [0][-]{chapter.3}{\376\377\173\054\116\011\172\340\000\040\127\372\116\216\131\032\176\364\145\366\136\217\162\171\137\201\166\204\142\322\176\335\147\015\122\241\145\073\121\373\150\300\155\113}{}% 36
\BOOKMARK [1][-]{section.3.1}{\376\377\0003\000.\0001\000\040\173\227\122\233\147\257\172\355\127\213\145\073\121\373\127\072\146\157\116\016\150\300\155\113\174\373\176\337\147\266\147\204}{chapter.3}% 37
\BOOKMARK [2][-]{subsection.3.1.1}{\376\377\0003\000.\0001\000.\0001\000\040\173\227\122\233\123\213\151\250\145\073\121\373\166\204\162\151\164\006\147\072\164\006\116\016\145\160\133\146\136\372\152\041}{section.3.1}% 38
\BOOKMARK [2][-]{subsection.3.1.2}{\376\377\0003\000.\0001\000.\0002\000\040\137\002\136\070\150\300\155\113\174\373\176\337\140\073\117\123\147\266\147\204\213\276\213\241}{section.3.1}% 39
\BOOKMARK [1][-]{section.3.2}{\376\377\0003\000.\0002\000\040\213\367\154\102\165\037\124\175\124\150\147\037\122\006\147\220\116\016\137\002\136\070\162\171\137\201\156\257\156\220}{chapter.3}% 40
\BOOKMARK [2][-]{subsection.3.2.1}{\376\377\0003\000.\0002\000.\0001\000\040\143\250\164\006\213\367\154\102\166\204\137\256\211\302\142\147\210\114\224\376\215\357\116\016\136\366\217\337\211\343\147\204}{section.3.2}% 41
\BOOKMARK [2][-]{subsection.3.2.2}{\376\377\0003\000.\0002\000.\0002\000\040\162\151\164\006\215\104\156\220\164\366\230\210\166\204\215\350\134\102\162\266\140\001\146\040\134\004\116\016\176\247\200\124\131\061\145\110}{section.3.2}% 42
\BOOKMARK [1][-]{section.3.3}{\376\377\0003\000.\0003\000\040\123\213\155\113\215\037\217\175\122\066\131\007\116\016\131\032\176\364\162\171\137\201\135\345\172\013\147\204\136\372}{chapter.3}% 43
\BOOKMARK [2][-]{subsection.3.3.1}{\376\377\0003\000.\0003\000.\0001\000\040\127\372\116\216\000\040\000S\000h\000a\000r\000e\000G\000P\000T\000\040\166\204\123\213\155\113\215\037\217\175\145\160\143\156\226\306\122\066\131\007}{section.3.3}% 44
\BOOKMARK [2][-]{subsection.3.3.2}{\376\377\0003\000.\0003\000.\0002\000\040\145\301\215\357\232\330\230\221\221\307\226\306\116\016\131\032\145\366\225\364\134\072\136\246\162\171\137\201\167\351\226\065}{section.3.3}% 45
\BOOKMARK [1][-]{section.3.4}{\376\377\0003\000.\0004\000\040\137\002\136\070\150\300\155\113\122\006\174\173\126\150\213\276\213\241\116\016\215\205\123\302\145\160\133\373\117\030}{chapter.3}% 46
\BOOKMARK [2][-]{subsection.3.4.1}{\376\377\0003\000.\0004\000.\0001\000\040\127\372\116\216\215\035\123\366\145\257\117\030\123\026\166\204\172\172\225\364\144\034\175\042\173\126\165\145}{section.3.4}% 47
\BOOKMARK [2][-]{subsection.3.4.2}{\376\377\0003\000.\0004\000.\0002\000\040\227\142\124\021\131\047\152\041\127\213\226\062\137\241\166\204\000\040\000L\000i\000g\000h\000t\000G\000B\000M\000\040\150\021\152\041\127\213\147\204\136\372}{section.3.4}% 48
\BOOKMARK [1][-]{section.3.5}{\376\377\0003\000.\0005\000\040\133\236\232\214\213\304\117\060\116\016\150\300\155\113\140\047\200\375\122\006\147\220}{chapter.3}% 49
\BOOKMARK [2][-]{subsection.3.5.1}{\376\377\0003\000.\0005\000.\0001\000\040\133\236\232\214\163\257\130\203\220\350\177\162\116\016\166\356\150\007\152\041\127\213\220\011\127\213}{section.3.5}% 50
\BOOKMARK [2][-]{subsection.3.5.2}{\376\377\0003\000.\0005\000.\0002\000\040\232\330\136\166\123\321\215\104\156\220\123\213\151\250\131\015\163\260\116\016\145\366\136\366\165\170\123\330\122\006\147\220}{section.3.5}% 51
\BOOKMARK [2][-]{subsection.3.5.3}{\376\377\0003\000.\0005\000.\0003\000\040\152\041\127\213\176\374\124\010\122\006\174\173\140\047\200\375\116\016\162\171\137\201\155\210\207\215\133\236\232\214}{section.3.5}% 52
\BOOKMARK [1][-]{section.3.6}{\376\377\0003\000.\0006\000\040\147\054\172\340\134\017\176\323}{chapter.3}% 53
\BOOKMARK [0][-]{chapter.4}{\376\377\173\054\126\333\172\340\000\040\127\372\116\216\177\023\133\130\117\247\117\341\220\123\166\204\226\220\205\075\145\073\121\373\150\300\155\113\170\024\172\166}{}% 54
\BOOKMARK [1][-]{section.4.1}{\376\377\0004\000.\0001\000\040\177\023\133\130\117\247\117\341\220\123\145\073\121\373\166\204\162\151\164\006\146\040\134\004\116\016\132\001\200\301\147\072\164\006}{chapter.4}% 55
\BOOKMARK [2][-]{subsection.4.1.1}{\376\377\0004\000.\0001\000.\0001\000\040\127\372\116\216\124\175\116\055\163\207\166\204\000\040\000T\000T\000F\000T\000\040\140\351\177\132\145\160\133\146\152\041\127\213}{section.4.1}% 56
\BOOKMARK [2][-]{subsection.4.1.2}{\376\377\0004\000.\0001\000.\0002\000\040\127\107\123\000\122\006\136\003\155\101\221\317\377\010\000U\000n\000i\000f\000o\000r\000m\377\011\166\204\177\023\133\130\154\141\147\323\147\072\122\066}{section.4.1}% 57
\BOOKMARK [1][-]{section.4.2}{\376\377\0004\000.\0002\000\040\177\023\133\130\154\141\147\323\133\236\232\214\213\276\213\241\116\016\165\170\123\330\163\260\214\141\122\006\147\220}{chapter.4}% 58
\BOOKMARK [2][-]{subsection.4.2.1}{\376\377\0004\000.\0002\000.\0001\000\040\133\371\161\147\176\304\123\302\145\160\213\276\213\241\116\016\127\372\121\306\155\113\133\232}{section.4.2}% 59
\BOOKMARK [2][-]{subsection.4.2.2}{\376\377\0004\000.\0002\000.\0002\000\040\145\366\136\366\143\007\150\007\166\204\040\034\123\314\134\360\122\006\171\273\040\035\116\016\175\057\171\357\122\006\136\003\377\010\000C\000D\000F\377\011\122\006\147\220}{section.4.2}% 60
\BOOKMARK [1][-]{section.4.3}{\376\377\0004\000.\0003\000\040\227\142\124\021\117\247\117\341\220\123\165\170\123\330\166\204\131\032\176\364\162\171\137\201\211\343\147\204\116\016\150\300\155\113}{chapter.4}% 61
\BOOKMARK [2][-]{subsection.4.3.1}{\376\377\0004\000.\0003\000.\0001\000\040\127\372\116\216\232\330\145\257\155\367\124\010\152\041\127\213\377\010\000G\000M\000M\377\011\166\204\137\142\140\001\133\146\211\343\147\204}{section.4.3}% 62
\BOOKMARK [2][-]{subsection.4.3.2}{\376\377\0004\000.\0003\000.\0002\000\040\137\256\211\302\162\171\137\201\207\215\124\010\116\016\134\360\136\246\172\201\123\330\166\321\155\113}{section.4.3}% 63
\BOOKMARK [1][-]{section.4.4}{\376\377\0004\000.\0004\000\040\131\032\122\006\174\173\150\300\155\113\213\304\117\060\116\016\174\373\176\337\137\000\225\000\122\006\147\220}{chapter.4}% 64
\BOOKMARK [2][-]{subsection.4.4.1}{\376\377\0004\000.\0004\000.\0001\000\040\155\367\155\306\167\351\226\065\116\016\176\306\174\222\136\246\122\006\174\173\174\276\136\246}{section.4.4}% 65
\BOOKMARK [2][-]{subsection.4.4.2}{\376\377\0004\000.\0004\000.\0002\000\040\217\173\221\317\176\247\150\300\155\113\150\106\147\266\166\204\174\373\176\337\137\000\225\000\377\010\000O\000v\000e\000r\000h\000e\000a\000d\377\011\213\304\117\060}{section.4.4}% 66
\BOOKMARK [1][-]{section.4.5}{\376\377\0004\000.\0005\000\040\147\054\172\340\134\017\176\323}{chapter.4}% 67
\BOOKMARK [0][-]{chapter.5}{\376\377\173\054\116\224\172\340\000\040\140\073\176\323\124\214\134\125\147\033}{}% 68
\BOOKMARK [1][-]{section.5.1}{\376\377\0005\000.\0001\000\040\135\345\117\134\140\073\176\323}{chapter.5}% 69
\BOOKMARK [1][-]{section.5.2}{\376\377\0005\000.\0002\000\040\124\016\176\355\135\345\117\134\134\125\147\033}{chapter.5}% 70
\BOOKMARK [0][-]{chapter*.21}{\376\377\201\364\000\040\214\042}{}% 71
\BOOKMARK [0][-]{section*.22}{\376\377\123\302\200\003\145\207\163\056}{}% 72
\BOOKMARK [0][-]{chapter*.24}{\376\377\145\073\213\373\170\125\130\353\133\146\117\115\147\037\225\364\123\326\137\227\166\204\142\020\147\234}{}% 73
